<?xml version="1.0" encoding="UTF-8"?>
<!-- Generated by org.testng.reporters.JUnitXMLReporter -->
<testsuite hostname="CTRLSOFT-C7X6GX" ignored="0" name="Test_chrome" tests="1" failures="1" timestamp="02 Dec 2020 11:07:41 GMT" time="83.507" errors="0">
  <testcase name="open" time="83.062" classname="com.tso.setup.Basepageparameter">
    <failure type="org.openqa.selenium.SessionNotCreatedException" message="session not created: This version of ChromeDriver only supports Chrome version 83
Build info: version: &amp;apos;3.141.5&amp;apos;, revision: &amp;apos;d54ebd709a&amp;apos;, time: &amp;apos;2018-11-06T11:58:47&amp;apos;
System info: host: &amp;apos;CTRLSOFT-C7X6GX&amp;apos;, ip: &amp;apos;192.168.43.150&amp;apos;, os.name: &amp;apos;Windows 8.1&amp;apos;, os.arch: &amp;apos;amd64&amp;apos;, os.version: &amp;apos;6.3&amp;apos;, java.version: &amp;apos;1.8.0_251&amp;apos;
Driver info: driver.version: ChromeDriver
remote stacktrace: Backtrace:
	Ordinal0 [0x00BA9563+2725219]
	Ordinal0 [0x00AA8551+1672529]
	Ordinal0 [0x00990359+525145]
	Ordinal0 [0x00920B77+68471]
	Ordinal0 [0x0091D32C+54060]
	Ordinal0 [0x0093CC37+183351]
	Ordinal0 [0x0093CA3D+182845]
	Ordinal0 [0x0093A94B+174411]
	Ordinal0 [0x00922528+75048]
	Ordinal0 [0x009235A0+79264]
	Ordinal0 [0x00923539+79161]
	Ordinal0 [0x00ABD607+1758727]
	GetHandleVerifier [0x00CC6546+1050150]
	GetHandleVerifier [0x00CC6291+1049457]
	GetHandleVerifier [0x00CD10D7+1094071]
	GetHandleVerifier [0x00CC6B46+1051686]
	Ordinal0 [0x00AB5B06+1727238]
	Ordinal0 [0x00ABEB7B+1764219]
	Ordinal0 [0x00ABECE3+1764579]
	Ordinal0 [0x00AD4C05+1854469]
	BaseThreadInitThunk [0x75276A14+36]
	RtlInitializeExceptionChain [0x7786AB4F+143]
	RtlInitializeExceptionChain [0x7786AB1A+90]
">
      <![CDATA[org.openqa.selenium.SessionNotCreatedException: session not created: This version of ChromeDriver only supports Chrome version 83
Build info: version: '3.141.5', revision: 'd54ebd709a', time: '2018-11-06T11:58:47'
System info: host: 'CTRLSOFT-C7X6GX', ip: '192.168.43.150', os.name: 'Windows 8.1', os.arch: 'amd64', os.version: '6.3', java.version: '1.8.0_251'
Driver info: driver.version: ChromeDriver
remote stacktrace: Backtrace:
Ordinal0 [0x00BA9563+2725219]
Ordinal0 [0x00AA8551+1672529]
Ordinal0 [0x00990359+525145]
Ordinal0 [0x00920B77+68471]
Ordinal0 [0x0091D32C+54060]
Ordinal0 [0x0093CC37+183351]
Ordinal0 [0x0093CA3D+182845]
Ordinal0 [0x0093A94B+174411]
Ordinal0 [0x00922528+75048]
Ordinal0 [0x009235A0+79264]
Ordinal0 [0x00923539+79161]
Ordinal0 [0x00ABD607+1758727]
GetHandleVerifier [0x00CC6546+1050150]
GetHandleVerifier [0x00CC6291+1049457]
GetHandleVerifier [0x00CD10D7+1094071]
GetHandleVerifier [0x00CC6B46+1051686]
Ordinal0 [0x00AB5B06+1727238]
Ordinal0 [0x00ABEB7B+1764219]
Ordinal0 [0x00ABECE3+1764579]
Ordinal0 [0x00AD4C05+1854469]
BaseThreadInitThunk [0x75276A14+36]
RtlInitializeExceptionChain [0x7786AB4F+143]
RtlInitializeExceptionChain [0x7786AB1A+90]

at org.openqa.selenium.remote.W3CHandshakeResponse.lambda$errorHandler$0(W3CHandshakeResponse.java:62)
at org.openqa.selenium.remote.HandshakeResponse.lambda$getResponseFunction$0(HandshakeResponse.java:30)
at org.openqa.selenium.remote.ProtocolHandshake.lambda$createSession$0(ProtocolHandshake.java:123)
at java.util.stream.ReferencePipeline$3$1.accept(ReferencePipeline.java:193)
at java.util.Spliterators$ArraySpliterator.tryAdvance(Spliterators.java:958)
at java.util.stream.ReferencePipeline.forEachWithCancel(ReferencePipeline.java:126)
at java.util.stream.AbstractPipeline.copyIntoWithCancel(AbstractPipeline.java:499)
at java.util.stream.AbstractPipeline.copyInto(AbstractPipeline.java:486)
at java.util.stream.AbstractPipeline.wrapAndCopyInto(AbstractPipeline.java:472)
at java.util.stream.FindOps$FindOp.evaluateSequential(FindOps.java:152)
at java.util.stream.AbstractPipeline.evaluate(AbstractPipeline.java:234)
at java.util.stream.ReferencePipeline.findFirst(ReferencePipeline.java:464)
at org.openqa.selenium.remote.ProtocolHandshake.createSession(ProtocolHandshake.java:125)
at org.openqa.selenium.remote.ProtocolHandshake.createSession(ProtocolHandshake.java:74)
at org.openqa.selenium.remote.HttpCommandExecutor.execute(HttpCommandExecutor.java:136)
at org.openqa.selenium.remote.service.DriverCommandExecutor.execute(DriverCommandExecutor.java:83)
at org.openqa.selenium.remote.RemoteWebDriver.execute(RemoteWebDriver.java:552)
at org.openqa.selenium.remote.RemoteWebDriver.startSession(RemoteWebDriver.java:213)
at org.openqa.selenium.remote.RemoteWebDriver.<init>(RemoteWebDriver.java:131)
at org.openqa.selenium.chrome.ChromeDriver.<init>(ChromeDriver.java:181)
at org.openqa.selenium.chrome.ChromeDriver.<init>(ChromeDriver.java:168)
at org.openqa.selenium.chrome.ChromeDriver.<init>(ChromeDriver.java:123)
at com.tso.setup.Basepageparameter.initialize(Basepageparameter.java:43)
at com.tso.setup.Basepageparameter.open(Basepageparameter.java:21)
at java.util.concurrent.FutureTask.run(FutureTask.java:266)
at java.util.concurrent.ThreadPoolExecutor.runWorker(ThreadPoolExecutor.java:1149)
at java.util.concurrent.ThreadPoolExecutor$Worker.run(ThreadPoolExecutor.java:624)
at java.lang.Thread.run(Thread.java:748)
... Removed 20 stack frames]]>
    </failure>
  </testcase> <!-- open -->
</testsuite> <!-- Test_chrome -->
